<?xml version="1.0" encoding="UTF-8"?>
<!-- Generated by org.testng.reporters.JUnitXMLReporter -->
<testsuite hostname="DESKTOP-MUPOVES" ignored="1" name="Command line test" tests="5" failures="0" timestamp="2021-10-25T17:56:39 IST" time="26.278" errors="0">
  <testcase name="doLogin" time="0.368" classname="testCasesLoginPkg.LoginTest"/>
  <testcase name="doLogin" time="0.329" classname="testCasesLoginPkg.LoginTest"/>
  <testcase name="doLogin" time="0.337" classname="testCasesLoginPkg.LoginTest"/>
  <testcase name="doLogin" time="0.303" classname="testCasesLoginPkg.LoginTest"/>
  <testcase name="verifyLoginTitle" time="0.385" classname="testCasesLoginPkg.LoginTest"/>
  <testcase name="@BeforeSuite Setup" time="0.0" classname="testCases.BaseTest">
    <ignored/>
  </testcase> <!-- @BeforeSuite Setup -->
</testsuite> <!-- Command line test -->
